Library/Bee/Android/Prj/Mono2x/Gradle/unityLibrary/build/intermediates/manifest_merge_blame_file/release/manifest-merger-blame-release-report.txt
1<?xml version="1.0" encoding="utf-8"?>
2<manifest xmlns:android="http://schemas.android.com/apk/res/android"
3    xmlns:tools="http://schemas.android.com/tools"
4    package="com.unity3d.player"
5    android:versionCode="1"
6    android:versionName="1.0" >
7
8    <uses-sdk
9        android:minSdkVersion="22"
9-->src\main\AndroidManifest.xml
10        android:targetSdkVersion="32" />
10-->src\main\AndroidManifest.xml
11
12    <uses-feature android:glEsVersion="0x00020000" />
12-->src\main\AndroidManifest.xml:19:3-52
12-->src\main\AndroidManifest.xml:19:17-49
13
14    <uses-permission android:name="android.permission.INTERNET" />
14-->src\main\AndroidManifest.xml:20:3-65
14-->src\main\AndroidManifest.xml:20:20-62
15
16    <uses-feature
16-->src\main\AndroidManifest.xml:21:3-97
17        android:name="android.hardware.sensor.accelerometer"
17-->src\main\AndroidManifest.xml:21:17-69
18        android:required="false" />
18-->src\main\AndroidManifest.xml:21:70-94
19    <uses-feature
19-->src\main\AndroidManifest.xml:22:3-88
20        android:name="android.hardware.touchscreen"
20-->src\main\AndroidManifest.xml:22:17-60
21        android:required="false" />
21-->src\main\AndroidManifest.xml:22:61-85
22    <uses-feature
22-->src\main\AndroidManifest.xml:23:3-99
23        android:name="android.hardware.touchscreen.multitouch"
23-->src\main\AndroidManifest.xml:23:17-71
24        android:required="false" />
24-->src\main\AndroidManifest.xml:23:72-96
25    <uses-feature
25-->src\main\AndroidManifest.xml:24:3-108
26        android:name="android.hardware.touchscreen.multitouch.distinct"
26-->src\main\AndroidManifest.xml:24:17-80
27        android:required="false" />
27-->src\main\AndroidManifest.xml:24:81-105
28
29    <application
29-->src\main\AndroidManifest.xml:3:3-18:17
30        android:extractNativeLibs="true"
30-->src\main\AndroidManifest.xml:3:16-48
31        android:isGame="true" >
31-->src\main\AndroidManifest.xml:3:49-70
32        <activity
32-->src\main\AndroidManifest.xml:4:5-12:16
33            android:name="com.unity3d.player.UnityPlayerActivity"
33-->src\main\AndroidManifest.xml:4:15-68
34            android:configChanges="mcc|mnc|locale|touchscreen|keyboard|keyboardHidden|navigation|orientation|screenLayout|uiMode|screenSize|smallestScreenSize|fontScale|layoutDirection|density"
34-->src\main\AndroidManifest.xml:4:180-361
35            android:exported="true"
35-->src\main\AndroidManifest.xml:4:433-456
36            android:hardwareAccelerated="false"
36-->src\main\AndroidManifest.xml:4:397-432
37            android:launchMode="singleTask"
37-->src\main\AndroidManifest.xml:4:148-179
38            android:resizeableActivity="false"
38-->src\main\AndroidManifest.xml:4:362-396
39            android:screenOrientation="portrait"
39-->src\main\AndroidManifest.xml:4:111-147
40            android:theme="@style/UnityThemeSelector" >
40-->src\main\AndroidManifest.xml:4:69-110
41            <intent-filter>
41-->src\main\AndroidManifest.xml:5:7-9:23
42                <action android:name="android.intent.action.MAIN" />
42-->src\main\AndroidManifest.xml:6:9-61
42-->src\main\AndroidManifest.xml:6:17-58
43
44                <category android:name="android.intent.category.LAUNCHER" />
44-->src\main\AndroidManifest.xml:7:9-69
44-->src\main\AndroidManifest.xml:7:19-66
45                <category android:name="android.intent.category.LEANBACK_LAUNCHER" />
45-->src\main\AndroidManifest.xml:8:9-78
45-->src\main\AndroidManifest.xml:8:19-75
46            </intent-filter>
47
48            <meta-data
48-->src\main\AndroidManifest.xml:10:7-82
49                android:name="unityplayer.UnityActivity"
49-->src\main\AndroidManifest.xml:10:18-58
50                android:value="true" />
50-->src\main\AndroidManifest.xml:10:59-79
51            <meta-data
51-->src\main\AndroidManifest.xml:11:7-78
52                android:name="android.notch_support"
52-->src\main\AndroidManifest.xml:11:18-54
53                android:value="true" />
53-->src\main\AndroidManifest.xml:11:55-75
54        </activity>
55
56        <meta-data
56-->src\main\AndroidManifest.xml:13:5-69
57            android:name="unity.splash-mode"
57-->src\main\AndroidManifest.xml:13:16-48
58            android:value="0" />
58-->src\main\AndroidManifest.xml:13:49-66
59        <meta-data
59-->src\main\AndroidManifest.xml:14:5-74
60            android:name="unity.splash-enable"
60-->src\main\AndroidManifest.xml:14:16-50
61            android:value="True" />
61-->src\main\AndroidManifest.xml:14:51-71
62        <meta-data
62-->src\main\AndroidManifest.xml:15:5-78
63            android:name="unity.launch-fullscreen"
63-->src\main\AndroidManifest.xml:15:16-54
64            android:value="True" />
64-->src\main\AndroidManifest.xml:15:55-75
65        <meta-data
65-->src\main\AndroidManifest.xml:16:5-84
66            android:name="unity.allow-resizable-window"
66-->src\main\AndroidManifest.xml:16:16-59
67            android:value="False" />
67-->src\main\AndroidManifest.xml:16:60-81
68        <meta-data
68-->src\main\AndroidManifest.xml:17:5-81
69            android:name="notch.config"
69-->src\main\AndroidManifest.xml:17:16-43
70            android:value="portrait|landscape" />
70-->src\main\AndroidManifest.xml:17:44-78
71    </application>
72
73</manifest>